#
# There is insufficient memory for the Java Runtime Environment to continue.
# Native memory allocation (malloc) failed to allocate 1112016 bytes for Chunk::new
# Possible reasons:
#   The system is out of physical RAM or swap space
#   The process is running with CompressedOops enabled, and the Java Heap may be blocking the growth of the native heap
# Possible solutions:
#   Reduce memory load on the system
#   Increase physical memory or swap space
#   Check if swap backing store is full
#   Decrease Java heap size (-Xmx/-Xms)
#   Decrease number of Java threads
#   Decrease Java thread stack sizes (-Xss)
#   Set larger code cache with -XX:ReservedCodeCacheSize=
#   JVM is running with Unscaled Compressed Oops mode in which the Java heap is
#     placed in the first 4GB address space. The Java Heap base address is the
#     maximum limit for the native heap growth. Please use -XX:HeapBaseMinAddress
#     to set the Java Heap base and to place the Java Heap above 4GB virtual address.
# This output file may be truncated or incomplete.
#
#  Out of Memory Error (./src/hotspot/share/memory/arena.cpp:197), pid=20544, tid=3748
#
# JRE version: OpenJDK Runtime Environment AdoptOpenJDK (11.0.9.1+1) (build 11.0.9.1+1)
# Java VM: OpenJDK 64-Bit Server VM AdoptOpenJDK (11.0.9.1+1, mixed mode, tiered, compressed oops, g1 gc, windows-amd64)
# No core dump will be written. Minidumps are not enabled by default on client versions of Windows
#

---------------  S U M M A R Y ------------

Command Line: -javaagent:C:\Program Files\JetBrains\IntelliJ IDEA Community Edition 2020.3.1\lib\idea_rt.jar=55017:C:\Program Files\JetBrains\IntelliJ IDEA Community Edition 2020.3.1\bin -Dfile.encoding=UTF-8 com.hkma.consentdomain.ConsentDomainApplication

Host: Intel(R) Core(TM) i5-8350U CPU @ 1.70GHz, 8 cores, 7G,  Windows 10 , 64 bit Build 19041 (10.0.19041.662)
Time: Mon Feb  1 16:12:56 2021 China Standard Time elapsed time: 2.114142 seconds (0d 0h 0m 2s)

---------------  T H R E A D  ---------------

Current thread (0x0000025e1e2fb000):  JavaThread "C2 CompilerThread0" daemon [_thread_in_native, id=3748, stack(0x0000009e50500000,0x0000009e50600000)]


Current CompileTask:
C2:   2114 1574       4       jdk.internal.org.objectweb.asm.Frame::execute (2264 bytes)

Stack: [0x0000009e50500000,0x0000009e50600000]
Native frames: (J=compiled Java code, j=interpreted, Vv=VM code, C=native code)
V  [jvm.dll+0x5f465a]
V  [jvm.dll+0x77c78e]
V  [jvm.dll+0x77de5f]
V  [jvm.dll+0x77e523]
V  [jvm.dll+0x2477c8]
V  [jvm.dll+0xbe2ec]
V  [jvm.dll+0xbe9ec]
V  [jvm.dll+0x34d112]
V  [jvm.dll+0x31ae63]
V  [jvm.dll+0x31a19a]
V  [jvm.dll+0x201085]
V  [jvm.dll+0x20023f]
V  [jvm.dll+0x184fbc]
V  [jvm.dll+0x20f7f7]
V  [jvm.dll+0x20d9db]
V  [jvm.dll+0x741029]
V  [jvm.dll+0x73a0d4]
V  [jvm.dll+0x5f3586]
C  [ucrtbase.dll+0x214c2]
C  [KERNEL32.DLL+0x17034]
C  [ntdll.dll+0x4d0d1]


---------------  P R O C E S S  ---------------

Threads class SMR info:
_java_thread_list=0x0000025e1f8a5590, length=13, elements={
0x0000025e7ea90000, 0x0000025e1e278800, 0x0000025e1e2a4800, 0x0000025e1e2f2800,
0x0000025e1e2f7000, 0x0000025e1e2fb000, 0x0000025e1e30f800, 0x0000025e1e339000,
0x0000025e1e450800, 0x0000025e1edff000, 0x0000025e1edff800, 0x0000025e1f059800,
0x0000025e1fa76000
}

Java Threads: ( => current thread )
  0x0000025e7ea90000 JavaThread "main" [_thread_in_native, id=14728, stack(0x0000009e4fa00000,0x0000009e4fb00000)]
  0x0000025e1e278800 JavaThread "Reference Handler" daemon [_thread_blocked, id=8332, stack(0x0000009e50100000,0x0000009e50200000)]
  0x0000025e1e2a4800 JavaThread "Finalizer" daemon [_thread_blocked, id=25980, stack(0x0000009e50200000,0x0000009e50300000)]
  0x0000025e1e2f2800 JavaThread "Signal Dispatcher" daemon [_thread_blocked, id=9400, stack(0x0000009e50300000,0x0000009e50400000)]
  0x0000025e1e2f7000 JavaThread "Attach Listener" daemon [_thread_blocked, id=4428, stack(0x0000009e50400000,0x0000009e50500000)]
=>0x0000025e1e2fb000 JavaThread "C2 CompilerThread0" daemon [_thread_in_native, id=3748, stack(0x0000009e50500000,0x0000009e50600000)]
  0x0000025e1e30f800 JavaThread "C1 CompilerThread0" daemon [_thread_blocked, id=5848, stack(0x0000009e50600000,0x0000009e50700000)]
  0x0000025e1e339000 JavaThread "Sweeper thread" daemon [_thread_blocked, id=27980, stack(0x0000009e50700000,0x0000009e50800000)]
  0x0000025e1e450800 JavaThread "Common-Cleaner" daemon [_thread_blocked, id=8892, stack(0x0000009e50800000,0x0000009e50900000)]
  0x0000025e1edff000 JavaThread "Monitor Ctrl-Break" daemon [_thread_in_native, id=17572, stack(0x0000009e50a00000,0x0000009e50b00000)]
  0x0000025e1edff800 JavaThread "Service Thread" daemon [_thread_blocked, id=27540, stack(0x0000009e50b00000,0x0000009e50c00000)]
  0x0000025e1f059800 JavaThread "C2 CompilerThread1" daemon [_thread_blocked, id=11576, stack(0x0000009e50900000,0x0000009e50a00000)]
  0x0000025e1fa76000 JavaThread "background-preinit" [_thread_in_native, id=24428, stack(0x0000009e50f00000,0x0000009e51000000)]

Other Threads:
  0x0000025e1e277000 VMThread "VM Thread" [stack: 0x0000009e50000000,0x0000009e50100000] [id=24380]
  0x0000025e1e66d800 WatcherThread [stack: 0x0000009e50c00000,0x0000009e50d00000] [id=24508]
  0x0000025e7ea68000 GCTaskThread "GC Thread#0" [stack: 0x0000009e4fb00000,0x0000009e4fc00000] [id=22132]
  0x0000025e1f12c000 GCTaskThread "GC Thread#1" [stack: 0x0000009e50d00000,0x0000009e50e00000] [id=6444]
  0x0000025e1f759000 GCTaskThread "GC Thread#2" [stack: 0x0000009e50e00000,0x0000009e50f00000] [id=17980]
  0x0000025e7eaa1800 ConcurrentGCThread "G1 Main Marker" [stack: 0x0000009e4fc00000,0x0000009e4fd00000] [id=13520]
  0x0000025e7eaa2800 ConcurrentGCThread "G1 Conc#0" [stack: 0x0000009e4fd00000,0x0000009e4fe00000] [id=28516]
  0x0000025e1d8de800 ConcurrentGCThread "G1 Refine#0" [stack: 0x0000009e4fe00000,0x0000009e4ff00000] [id=23892]
  0x0000025e1d8df800 ConcurrentGCThread "G1 Young RemSet Sampling" [stack: 0x0000009e4ff00000,0x0000009e50000000] [id=19244]

Threads with active compile tasks:
C2 CompilerThread0   2178 1574       4       jdk.internal.org.objectweb.asm.Frame::execute (2264 bytes)

VM state:not at safepoint (normal execution)

VM Mutex/Monitor currently owned by a thread: None

Heap address: 0x0000000081e00000, size: 2018 MB, Compressed Oops mode: 32-bit
Narrow klass base: 0x0000000000000000, Narrow klass shift: 3
Compressed class space size: 1073741824 Address: 0x0000000100000000

Heap:
 garbage-first heap   total 131072K, used 38917K [0x0000000081e00000, 0x0000000100000000)
  region size 1024K, 35 young (35840K), 3 survivors (3072K)
 Metaspace       used 19763K, capacity 20250K, committed 20352K, reserved 1069056K
  class space    used 2146K, capacity 2340K, committed 2432K, reserved 1048576K
Heap Regions: E=young(eden), S=young(survivor), O=old, HS=humongous(starts), HC=humongous(continues), CS=collection set, F=free, A=archive, TAMS=top-at-mark-start (previous, next)
|   0|0x0000000081e00000, 0x0000000081f00000, 0x0000000081f00000|100%|HS|  |TAMS 0x0000000081e00000, 0x0000000081e00000| Complete 
|   1|0x0000000081f00000, 0x0000000082000000, 0x0000000082000000|100%| O|  |TAMS 0x0000000081f00000, 0x0000000081f00000| Untracked 
|   2|0x0000000082000000, 0x0000000082100000, 0x0000000082100000|100%| O|  |TAMS 0x0000000082000000, 0x0000000082000000| Untracked 
|   3|0x0000000082100000, 0x0000000082200000, 0x0000000082200000|100%| O|  |TAMS 0x0000000082100000, 0x0000000082100000| Untracked 
|   4|0x0000000082200000, 0x0000000082201600, 0x0000000082300000|  0%| O|  |TAMS 0x0000000082200000, 0x0000000082200000| Untracked 
|   5|0x0000000082300000, 0x0000000082300000, 0x0000000082400000|  0%| F|  |TAMS 0x0000000082300000, 0x0000000082300000| Untracked 
|   6|0x0000000082400000, 0x0000000082400000, 0x0000000082500000|  0%| F|  |TAMS 0x0000000082400000, 0x0000000082400000| Untracked 
|   7|0x0000000082500000, 0x0000000082500000, 0x0000000082600000|  0%| F|  |TAMS 0x0000000082500000, 0x0000000082500000| Untracked 
|   8|0x0000000082600000, 0x0000000082600000, 0x0000000082700000|  0%| F|  |TAMS 0x0000000082600000, 0x0000000082600000| Untracked 
|   9|0x0000000082700000, 0x0000000082700000, 0x0000000082800000|  0%| F|  |TAMS 0x0000000082700000, 0x0000000082700000| Untracked 
|  10|0x0000000082800000, 0x0000000082800000, 0x0000000082900000|  0%| F|  |TAMS 0x0000000082800000, 0x0000000082800000| Untracked 
|  11|0x0000000082900000, 0x0000000082900000, 0x0000000082a00000|  0%| F|  |TAMS 0x0000000082900000, 0x0000000082900000| Untracked 
|  12|0x0000000082a00000, 0x0000000082a00000, 0x0000000082b00000|  0%| F|  |TAMS 0x0000000082a00000, 0x0000000082a00000| Untracked 
|  13|0x0000000082b00000, 0x0000000082b00000, 0x0000000082c00000|  0%| F|  |TAMS 0x0000000082b00000, 0x0000000082b00000| Untracked 
|  14|0x0000000082c00000, 0x0000000082c00000, 0x0000000082d00000|  0%| F|  |TAMS 0x0000000082c00000, 0x0000000082c00000| Untracked 
|  15|0x0000000082d00000, 0x0000000082d00000, 0x0000000082e00000|  0%| F|  |TAMS 0x0000000082d00000, 0x0000000082d00000| Untracked 
|  16|0x0000000082e00000, 0x0000000082e00000, 0x0000000082f00000|  0%| F|  |TAMS 0x0000000082e00000, 0x0000000082e00000| Untracked 
|  17|0x0000000082f00000, 0x0000000082f00000, 0x0000000083000000|  0%| F|  |TAMS 0x0000000082f00000, 0x0000000082f00000| Untracked 
|  18|0x0000000083000000, 0x0000000083000000, 0x0000000083100000|  0%| F|  |TAMS 0x0000000083000000, 0x0000000083000000| Untracked 
|  19|0x0000000083100000, 0x0000000083100000, 0x0000000083200000|  0%| F|  |TAMS 0x0000000083100000, 0x0000000083100000| Untracked 
|  20|0x0000000083200000, 0x0000000083200000, 0x0000000083300000|  0%| F|  |TAMS 0x0000000083200000, 0x0000000083200000| Untracked 
|  21|0x0000000083300000, 0x0000000083300000, 0x0000000083400000|  0%| F|  |TAMS 0x0000000083300000, 0x0000000083300000| Untracked 
|  22|0x0000000083400000, 0x0000000083400000, 0x0000000083500000|  0%| F|  |TAMS 0x0000000083400000, 0x0000000083400000| Untracked 
|  23|0x0000000083500000, 0x0000000083500000, 0x0000000083600000|  0%| F|  |TAMS 0x0000000083500000, 0x0000000083500000| Untracked 
|  24|0x0000000083600000, 0x0000000083600000, 0x0000000083700000|  0%| F|  |TAMS 0x0000000083600000, 0x0000000083600000| Untracked 
|  25|0x0000000083700000, 0x0000000083700000, 0x0000000083800000|  0%| F|  |TAMS 0x0000000083700000, 0x0000000083700000| Untracked 
|  26|0x0000000083800000, 0x0000000083800000, 0x0000000083900000|  0%| F|  |TAMS 0x0000000083800000, 0x0000000083800000| Untracked 
|  27|0x0000000083900000, 0x0000000083900000, 0x0000000083a00000|  0%| F|  |TAMS 0x0000000083900000, 0x0000000083900000| Untracked 
|  28|0x0000000083a00000, 0x0000000083a00000, 0x0000000083b00000|  0%| F|  |TAMS 0x0000000083a00000, 0x0000000083a00000| Untracked 
|  29|0x0000000083b00000, 0x0000000083b00000, 0x0000000083c00000|  0%| F|  |TAMS 0x0000000083b00000, 0x0000000083b00000| Untracked 
|  30|0x0000000083c00000, 0x0000000083c00000, 0x0000000083d00000|  0%| F|  |TAMS 0x0000000083c00000, 0x0000000083c00000| Untracked 
|  31|0x0000000083d00000, 0x0000000083d00000, 0x0000000083e00000|  0%| F|  |TAMS 0x0000000083d00000, 0x0000000083d00000| Untracked 
|  32|0x0000000083e00000, 0x0000000083e00000, 0x0000000083f00000|  0%| F|  |TAMS 0x0000000083e00000, 0x0000000083e00000| Untracked 
|  33|0x0000000083f00000, 0x0000000083f00000, 0x0000000084000000|  0%| F|  |TAMS 0x0000000083f00000, 0x0000000083f00000| Untracked 
|  34|0x0000000084000000, 0x0000000084000000, 0x0000000084100000|  0%| F|  |TAMS 0x0000000084000000, 0x0000000084000000| Untracked 
|  35|0x0000000084100000, 0x0000000084100000, 0x0000000084200000|  0%| F|  |TAMS 0x0000000084100000, 0x0000000084100000| Untracked 
|  36|0x0000000084200000, 0x0000000084200000, 0x0000000084300000|  0%| F|  |TAMS 0x0000000084200000, 0x0000000084200000| Untracked 
|  37|0x0000000084300000, 0x0000000084300000, 0x0000000084400000|  0%| F|  |TAMS 0x0000000084300000, 0x0000000084300000| Untracked 
|  38|0x0000000084400000, 0x0000000084400000, 0x0000000084500000|  0%| F|  |TAMS 0x0000000084400000, 0x0000000084400000| Untracked 
|  39|0x0000000084500000, 0x0000000084500000, 0x0000000084600000|  0%| F|  |TAMS 0x0000000084500000, 0x0000000084500000| Untracked 
|  40|0x0000000084600000, 0x0000000084600000, 0x0000000084700000|  0%| F|  |TAMS 0x0000000084600000, 0x0000000084600000| Untracked 
|  41|0x0000000084700000, 0x0000000084700000, 0x0000000084800000|  0%| F|  |TAMS 0x0000000084700000, 0x0000000084700000| Untracked 
|  42|0x0000000084800000, 0x0000000084800000, 0x0000000084900000|  0%| F|  |TAMS 0x0000000084800000, 0x0000000084800000| Untracked 
|  43|0x0000000084900000, 0x0000000084900000, 0x0000000084a00000|  0%| F|  |TAMS 0x0000000084900000, 0x0000000084900000| Untracked 
|  44|0x0000000084a00000, 0x0000000084a00000, 0x0000000084b00000|  0%| F|  |TAMS 0x0000000084a00000, 0x0000000084a00000| Untracked 
|  45|0x0000000084b00000, 0x0000000084b00000, 0x0000000084c00000|  0%| F|  |TAMS 0x0000000084b00000, 0x0000000084b00000| Untracked 
|  46|0x0000000084c00000, 0x0000000084c00000, 0x0000000084d00000|  0%| F|  |TAMS 0x0000000084c00000, 0x0000000084c00000| Untracked 
|  47|0x0000000084d00000, 0x0000000084d00000, 0x0000000084e00000|  0%| F|  |TAMS 0x0000000084d00000, 0x0000000084d00000| Untracked 
|  48|0x0000000084e00000, 0x0000000084e00000, 0x0000000084f00000|  0%| F|  |TAMS 0x0000000084e00000, 0x0000000084e00000| Untracked 
|  49|0x0000000084f00000, 0x0000000084f00000, 0x0000000085000000|  0%| F|  |TAMS 0x0000000084f00000, 0x0000000084f00000| Untracked 
|  50|0x0000000085000000, 0x0000000085000000, 0x0000000085100000|  0%| F|  |TAMS 0x0000000085000000, 0x0000000085000000| Untracked 
|  51|0x0000000085100000, 0x0000000085100000, 0x0000000085200000|  0%| F|  |TAMS 0x0000000085100000, 0x0000000085100000| Untracked 
|  52|0x0000000085200000, 0x0000000085200000, 0x0000000085300000|  0%| F|  |TAMS 0x0000000085200000, 0x0000000085200000| Untracked 
|  53|0x0000000085300000, 0x0000000085300000, 0x0000000085400000|  0%| F|  |TAMS 0x0000000085300000, 0x0000000085300000| Untracked 
|  54|0x0000000085400000, 0x0000000085400000, 0x0000000085500000|  0%| F|  |TAMS 0x0000000085400000, 0x0000000085400000| Untracked 
|  55|0x0000000085500000, 0x0000000085500000, 0x0000000085600000|  0%| F|  |TAMS 0x0000000085500000, 0x0000000085500000| Untracked 
|  56|0x0000000085600000, 0x0000000085600000, 0x0000000085700000|  0%| F|  |TAMS 0x0000000085600000, 0x0000000085600000| Untracked 
|  57|0x0000000085700000, 0x0000000085700000, 0x0000000085800000|  0%| F|  |TAMS 0x0000000085700000, 0x0000000085700000| Untracked 
|  58|0x0000000085800000, 0x0000000085800000, 0x0000000085900000|  0%| F|  |TAMS 0x0000000085800000, 0x0000000085800000| Untracked 
|  59|0x0000000085900000, 0x0000000085900000, 0x0000000085a00000|  0%| F|  |TAMS 0x0000000085900000, 0x0000000085900000| Untracked 
|  60|0x0000000085a00000, 0x0000000085a00000, 0x0000000085b00000|  0%| F|  |TAMS 0x0000000085a00000, 0x0000000085a00000| Untracked 
|  61|0x0000000085b00000, 0x0000000085b00000, 0x0000000085c00000|  0%| F|  |TAMS 0x0000000085b00000, 0x0000000085b00000| Untracked 
|  62|0x0000000085c00000, 0x0000000085c00000, 0x0000000085d00000|  0%| F|  |TAMS 0x0000000085c00000, 0x0000000085c00000| Untracked 
|  63|0x0000000085d00000, 0x0000000085d00000, 0x0000000085e00000|  0%| F|  |TAMS 0x0000000085d00000, 0x0000000085d00000| Untracked 
|  64|0x0000000085e00000, 0x0000000085e00000, 0x0000000085f00000|  0%| F|  |TAMS 0x0000000085e00000, 0x0000000085e00000| Untracked 
|  65|0x0000000085f00000, 0x0000000085f00000, 0x0000000086000000|  0%| F|  |TAMS 0x0000000085f00000, 0x0000000085f00000| Untracked 
|  66|0x0000000086000000, 0x0000000086000000, 0x0000000086100000|  0%| F|  |TAMS 0x0000000086000000, 0x0000000086000000| Untracked 
|  67|0x0000000086100000, 0x0000000086100000, 0x0000000086200000|  0%| F|  |TAMS 0x0000000086100000, 0x0000000086100000| Untracked 
|  68|0x0000000086200000, 0x0000000086200000, 0x0000000086300000|  0%| F|  |TAMS 0x0000000086200000, 0x0000000086200000| Untracked 
|  69|0x0000000086300000, 0x0000000086300000, 0x0000000086400000|  0%| F|  |TAMS 0x0000000086300000, 0x0000000086300000| Untracked 
|  70|0x0000000086400000, 0x0000000086400000, 0x0000000086500000|  0%| F|  |TAMS 0x0000000086400000, 0x0000000086400000| Untracked 
|  71|0x0000000086500000, 0x0000000086500000, 0x0000000086600000|  0%| F|  |TAMS 0x0000000086500000, 0x0000000086500000| Untracked 
|  72|0x0000000086600000, 0x0000000086600000, 0x0000000086700000|  0%| F|  |TAMS 0x0000000086600000, 0x0000000086600000| Untracked 
|  73|0x0000000086700000, 0x0000000086700000, 0x0000000086800000|  0%| F|  |TAMS 0x0000000086700000, 0x0000000086700000| Untracked 
|  74|0x0000000086800000, 0x0000000086800000, 0x0000000086900000|  0%| F|  |TAMS 0x0000000086800000, 0x0000000086800000| Untracked 
|  75|0x0000000086900000, 0x0000000086900000, 0x0000000086a00000|  0%| F|  |TAMS 0x0000000086900000, 0x0000000086900000| Untracked 
|  76|0x0000000086a00000, 0x0000000086a00000, 0x0000000086b00000|  0%| F|  |TAMS 0x0000000086a00000, 0x0000000086a00000| Untracked 
|  77|0x0000000086b00000, 0x0000000086b00000, 0x0000000086c00000|  0%| F|  |TAMS 0x0000000086b00000, 0x0000000086b00000| Untracked 
|  78|0x0000000086c00000, 0x0000000086c00000, 0x0000000086d00000|  0%| F|  |TAMS 0x0000000086c00000, 0x0000000086c00000| Untracked 
|  79|0x0000000086d00000, 0x0000000086d00000, 0x0000000086e00000|  0%| F|  |TAMS 0x0000000086d00000, 0x0000000086d00000| Untracked 
|  80|0x0000000086e00000, 0x0000000086e00000, 0x0000000086f00000|  0%| F|  |TAMS 0x0000000086e00000, 0x0000000086e00000| Untracked 
|  81|0x0000000086f00000, 0x0000000086f00000, 0x0000000087000000|  0%| F|  |TAMS 0x0000000086f00000, 0x0000000086f00000| Untracked 
|  82|0x0000000087000000, 0x0000000087000000, 0x0000000087100000|  0%| F|  |TAMS 0x0000000087000000, 0x0000000087000000| Untracked 
|  83|0x0000000087100000, 0x0000000087100000, 0x0000000087200000|  0%| F|  |TAMS 0x0000000087100000, 0x0000000087100000| Untracked 
|  84|0x0000000087200000, 0x0000000087200000, 0x0000000087300000|  0%| F|  |TAMS 0x0000000087200000, 0x0000000087200000| Untracked 
|  85|0x0000000087300000, 0x0000000087300000, 0x0000000087400000|  0%| F|  |TAMS 0x0000000087300000, 0x0000000087300000| Untracked 
|  86|0x0000000087400000, 0x0000000087400000, 0x0000000087500000|  0%| F|  |TAMS 0x0000000087400000, 0x0000000087400000| Untracked 
|  87|0x0000000087500000, 0x0000000087500000, 0x0000000087600000|  0%| F|  |TAMS 0x0000000087500000, 0x0000000087500000| Untracked 
|  88|0x0000000087600000, 0x0000000087600000, 0x0000000087700000|  0%| F|  |TAMS 0x0000000087600000, 0x0000000087600000| Untracked 
|  89|0x0000000087700000, 0x0000000087700000, 0x0000000087800000|  0%| F|  |TAMS 0x0000000087700000, 0x0000000087700000| Untracked 
|  90|0x0000000087800000, 0x0000000087800000, 0x0000000087900000|  0%| F|  |TAMS 0x0000000087800000, 0x0000000087800000| Untracked 
|  91|0x0000000087900000, 0x0000000087900000, 0x0000000087a00000|  0%| F|  |TAMS 0x0000000087900000, 0x0000000087900000| Untracked 
|  92|0x0000000087a00000, 0x0000000087a00000, 0x0000000087b00000|  0%| F|  |TAMS 0x0000000087a00000, 0x0000000087a00000| Untracked 
|  93|0x0000000087b00000, 0x0000000087c00000, 0x0000000087c00000|100%| E|  |TAMS 0x0000000087b00000, 0x0000000087b00000| Complete 
|  94|0x0000000087c00000, 0x0000000087d00000, 0x0000000087d00000|100%| E|CS|TAMS 0x0000000087c00000, 0x0000000087c00000| Complete 
|  95|0x0000000087d00000, 0x0000000087e00000, 0x0000000087e00000|100%| E|CS|TAMS 0x0000000087d00000, 0x0000000087d00000| Complete 
|  96|0x0000000087e00000, 0x0000000087f00000, 0x0000000087f00000|100%| E|CS|TAMS 0x0000000087e00000, 0x0000000087e00000| Complete 
|  97|0x0000000087f00000, 0x0000000088000000, 0x0000000088000000|100%| E|CS|TAMS 0x0000000087f00000, 0x0000000087f00000| Complete 
|  98|0x0000000088000000, 0x0000000088100000, 0x0000000088100000|100%| E|CS|TAMS 0x0000000088000000, 0x0000000088000000| Complete 
|  99|0x0000000088100000, 0x0000000088200000, 0x0000000088200000|100%| E|CS|TAMS 0x0000000088100000, 0x0000000088100000| Complete 
| 100|0x0000000088200000, 0x0000000088300000, 0x0000000088300000|100%| E|CS|TAMS 0x0000000088200000, 0x0000000088200000| Complete 
| 101|0x0000000088300000, 0x0000000088400000, 0x0000000088400000|100%| S|CS|TAMS 0x0000000088300000, 0x0000000088300000| Complete 
| 102|0x0000000088400000, 0x0000000088500000, 0x0000000088500000|100%| S|CS|TAMS 0x0000000088400000, 0x0000000088400000| Complete 
| 103|0x0000000088500000, 0x0000000088600000, 0x0000000088600000|100%| S|CS|TAMS 0x0000000088500000, 0x0000000088500000| Complete 
| 104|0x0000000088600000, 0x0000000088700000, 0x0000000088700000|100%| E|CS|TAMS 0x0000000088600000, 0x0000000088600000| Complete 
| 105|0x0000000088700000, 0x0000000088800000, 0x0000000088800000|100%| E|CS|TAMS 0x0000000088700000, 0x0000000088700000| Complete 
| 106|0x0000000088800000, 0x0000000088900000, 0x0000000088900000|100%| E|CS|TAMS 0x0000000088800000, 0x0000000088800000| Complete 
| 107|0x0000000088900000, 0x0000000088a00000, 0x0000000088a00000|100%| E|CS|TAMS 0x0000000088900000, 0x0000000088900000| Complete 
| 108|0x0000000088a00000, 0x0000000088b00000, 0x0000000088b00000|100%| E|CS|TAMS 0x0000000088a00000, 0x0000000088a00000| Complete 
| 109|0x0000000088b00000, 0x0000000088c00000, 0x0000000088c00000|100%| E|CS|TAMS 0x0000000088b00000, 0x0000000088b00000| Complete 
| 110|0x0000000088c00000, 0x0000000088d00000, 0x0000000088d00000|100%| E|CS|TAMS 0x0000000088c00000, 0x0000000088c00000| Complete 
| 111|0x0000000088d00000, 0x0000000088e00000, 0x0000000088e00000|100%| E|CS|TAMS 0x0000000088d00000, 0x0000000088d00000| Complete 
| 112|0x0000000088e00000, 0x0000000088f00000, 0x0000000088f00000|100%| E|CS|TAMS 0x0000000088e00000, 0x0000000088e00000| Complete 
| 113|0x0000000088f00000, 0x0000000089000000, 0x0000000089000000|100%| E|CS|TAMS 0x0000000088f00000, 0x0000000088f00000| Complete 
| 114|0x0000000089000000, 0x0000000089100000, 0x0000000089100000|100%| E|CS|TAMS 0x0000000089000000, 0x0000000089000000| Complete 
| 115|0x0000000089100000, 0x0000000089200000, 0x0000000089200000|100%| E|CS|TAMS 0x0000000089100000, 0x0000000089100000| Complete 
| 116|0x0000000089200000, 0x0000000089300000, 0x0000000089300000|100%| E|CS|TAMS 0x0000000089200000, 0x0000000089200000| Complete 
| 117|0x0000000089300000, 0x0000000089400000, 0x0000000089400000|100%| E|CS|TAMS 0x0000000089300000, 0x0000000089300000| Complete 
| 118|0x0000000089400000, 0x0000000089500000, 0x0000000089500000|100%| E|CS|TAMS 0x0000000089400000, 0x0000000089400000| Complete 
| 119|0x0000000089500000, 0x0000000089600000, 0x0000000089600000|100%| E|CS|TAMS 0x0000000089500000, 0x0000000089500000| Complete 
| 120|0x0000000089600000, 0x0000000089700000, 0x0000000089700000|100%| E|CS|TAMS 0x0000000089600000, 0x0000000089600000| Complete 
| 121|0x0000000089700000, 0x0000000089800000, 0x0000000089800000|100%| E|CS|TAMS 0x0000000089700000, 0x0000000089700000| Complete 
| 122|0x0000000089800000, 0x0000000089900000, 0x0000000089900000|100%| E|CS|TAMS 0x0000000089800000, 0x0000000089800000| Complete 
| 123|0x0000000089900000, 0x0000000089a00000, 0x0000000089a00000|100%| E|CS|TAMS 0x0000000089900000, 0x0000000089900000| Complete 
| 124|0x0000000089a00000, 0x0000000089b00000, 0x0000000089b00000|100%| E|CS|TAMS 0x0000000089a00000, 0x0000000089a00000| Complete 
| 125|0x0000000089b00000, 0x0000000089c00000, 0x0000000089c00000|100%| E|CS|TAMS 0x0000000089b00000, 0x0000000089b00000| Complete 
| 126|0x0000000089c00000, 0x0000000089d00000, 0x0000000089d00000|100%| E|CS|TAMS 0x0000000089c00000, 0x0000000089c00000| Complete 
| 127|0x0000000089d00000, 0x0000000089e00000, 0x0000000089e00000|100%| E|CS|TAMS 0x0000000089d00000, 0x0000000089d00000| Complete 

Card table byte_map: [0x0000025e7f210000,0x0000025e7f610000] _byte_map_base: 0x0000025e7ee01000

Marking Bits (Prev, Next): (CMBitMap*) 0x0000025e7ea98e28, (CMBitMap*) 0x0000025e7ea98e60
 Prev Bits: [0x0000025e17610000, 0x0000025e19598000)
 Next Bits: [0x0000025e195a0000, 0x0000025e1b528000)

Polling page: 0x0000025e7e1e0000

Metaspace:

Usage:
  Non-class:     17.56 MB capacity,    17.27 MB ( 98%) used,   246.53 KB (  1%) free+waste,    51.56 KB ( <1%) overhead. 
      Class:      2.32 MB capacity,     2.11 MB ( 91%) used,   195.78 KB (  8%) free+waste,    25.25 KB (  1%) overhead. 
       Both:     19.89 MB capacity,    19.38 MB ( 97%) used,   442.31 KB (  2%) free+waste,    76.81 KB ( <1%) overhead. 

Virtual space:
  Non-class space:       20.00 MB reserved,      17.75 MB ( 89%) committed 
      Class space:        1.00 GB reserved,       2.38 MB ( <1%) committed 
             Both:        1.02 GB reserved,      20.13 MB (  2%) committed 

Chunk freelists:
   Non-Class:  0 bytes
       Class:  22.00 KB
        Both:  22.00 KB

MaxMetaspaceSize: 17179869184.00 GB
CompressedClassSpaceSize: 1.00 GB

CodeHeap 'non-profiled nmethods': size=120000Kb used=585Kb max_used=585Kb free=119414Kb
 bounds [0x0000025e100e0000, 0x0000025e10350000, 0x0000025e17610000]
CodeHeap 'profiled nmethods': size=120000Kb used=3046Kb max_used=3046Kb free=116953Kb
 bounds [0x0000025e08bb0000, 0x0000025e08eb0000, 0x0000025e100e0000]
CodeHeap 'non-nmethods': size=5760Kb used=1111Kb max_used=1138Kb free=4648Kb
 bounds [0x0000025e08610000, 0x0000025e08880000, 0x0000025e08bb0000]
 total_blobs=2056 nmethods=1627 adapters=340
 compilation: enabled
              stopped_count=0, restarted_count=0
 full_count=0

Compilation events (20 events):
Event: 2.054 Thread 0x0000025e1e30f800 1588       3       java.lang.invoke.ClassSpecializer$Factory$1Var::nextSlotIndex (24 bytes)
Event: 2.055 Thread 0x0000025e1e30f800 nmethod 1588 0x0000025e08e96690 code [0x0000025e08e96860, 0x0000025e08e96af8]
Event: 2.055 Thread 0x0000025e1e30f800 1589       3       java.lang.invoke.ClassSpecializer::classBCName (33 bytes)
Event: 2.055 Thread 0x0000025e1e30f800 nmethod 1589 0x0000025e08e96c10 code [0x0000025e08e96dc0, 0x0000025e08e96ee8]
Event: 2.056 Thread 0x0000025e1e30f800 1596       3       java.util.Arrays$ArrayList::iterator (12 bytes)
Event: 2.056 Thread 0x0000025e1e30f800 nmethod 1596 0x0000025e08e96f90 code [0x0000025e08e97160, 0x0000025e08e973d8]
Event: 2.056 Thread 0x0000025e1e30f800 1597       3       java.util.Arrays$ArrayItr::<init> (10 bytes)
Event: 2.056 Thread 0x0000025e1e30f800 nmethod 1597 0x0000025e08e97510 code [0x0000025e08e976c0, 0x0000025e08e97878]
Event: 2.057 Thread 0x0000025e1e30f800 1599       3       java.lang.invoke.DirectMethodHandle::shouldBeInitialized (123 bytes)
Event: 2.059 Thread 0x0000025e1e30f800 nmethod 1599 0x0000025e08e97910 code [0x0000025e08e97d00, 0x0000025e08e99358]
Event: 2.059 Thread 0x0000025e1e30f800 1600       3       java.lang.invoke.BoundMethodHandle$Specializer$Factory::chooseFieldName (25 bytes)
Event: 2.060 Thread 0x0000025e1e30f800 nmethod 1600 0x0000025e08e99a10 code [0x0000025e08e99d00, 0x0000025e08e9a9d8]
Event: 2.060 Thread 0x0000025e1e30f800 1601       3       java.lang.invoke.ClassSpecializer$Factory::chooseFieldName (32 bytes)
Event: 2.060 Thread 0x0000025e1e30f800 nmethod 1601 0x0000025e08e9af10 code [0x0000025e08e9b1a0, 0x0000025e08e9bb78]
Event: 2.066 Thread 0x0000025e1e30f800 1603       3       java.lang.invoke.LambdaFormEditor$Transform::equals (32 bytes)
Event: 2.066 Thread 0x0000025e1e30f800 nmethod 1603 0x0000025e08e9bf90 code [0x0000025e08e9c160, 0x0000025e08e9c328]
Event: 2.104 Thread 0x0000025e1e30f800 1604       3       java.util.jar.JavaUtilJarAccessImpl::getTrustedAttributes (6 bytes)
Event: 2.104 Thread 0x0000025e1e30f800 nmethod 1604 0x0000025e08e9c410 code [0x0000025e08e9c5c0, 0x0000025e08e9c708]
Event: 2.111 Thread 0x0000025e1e30f800 1605       1       java.security.PermissionCollection::isReadOnly (5 bytes)
Event: 2.111 Thread 0x0000025e1e30f800 nmethod 1605 0x0000025e1016af90 code [0x0000025e1016b140, 0x0000025e1016b1f8]

GC Heap History (2 events):
Event: 1.174 GC heap before
{Heap before GC invocations=0 (full 0):
 garbage-first heap   total 131072K, used 24576K [0x0000000081e00000, 0x0000000100000000)
  region size 1024K, 24 young (24576K), 0 survivors (0K)
 Metaspace       used 10854K, capacity 10997K, committed 11136K, reserved 1058816K
  class space    used 1020K, capacity 1094K, committed 1152K, reserved 1048576K
}
Event: 1.179 GC heap after
{Heap after GC invocations=1 (full 0):
 garbage-first heap   total 131072K, used 7173K [0x0000000081e00000, 0x0000000100000000)
  region size 1024K, 3 young (3072K), 3 survivors (3072K)
 Metaspace       used 10854K, capacity 10997K, committed 11136K, reserved 1058816K
  class space    used 1020K, capacity 1094K, committed 1152K, reserved 1048576K
}

Deoptimization events (20 events):
Event: 1.226 Thread 0x0000025e7ea90000 DEOPT PACKING pc=0x0000025e101238b0 sp=0x0000009e4fafda70
Event: 1.226 Thread 0x0000025e7ea90000 DEOPT UNPACKING pc=0x0000025e086374af sp=0x0000009e4fafd9a8 mode 2
Event: 1.472 Thread 0x0000025e7ea90000 DEOPT PACKING pc=0x0000025e08c56fb0 sp=0x0000009e4fafdf80
Event: 1.472 Thread 0x0000025e7ea90000 DEOPT UNPACKING pc=0x0000025e086372ce sp=0x0000009e4fafd498 mode 0
Event: 1.510 Thread 0x0000025e7ea90000 Uncommon trap: trap_request=0xffffff4d fr.pc=0x0000025e1013b560 relative=0x0000000000000ba0
Event: 1.510 Thread 0x0000025e7ea90000 Uncommon trap: reason=unstable_if action=reinterpret pc=0x0000025e1013b560 method=java.util.HashMap.hash(Ljava/lang/Object;)I @ 1 c2
Event: 1.510 Thread 0x0000025e7ea90000 DEOPT PACKING pc=0x0000025e1013b560 sp=0x0000009e4fafe100
Event: 1.510 Thread 0x0000025e7ea90000 DEOPT UNPACKING pc=0x0000025e086374af sp=0x0000009e4fafe090 mode 2
Event: 1.776 Thread 0x0000025e7ea90000 Uncommon trap: trap_request=0xffffff4d fr.pc=0x0000025e1012ad48 relative=0x0000000000000388
Event: 1.776 Thread 0x0000025e7ea90000 Uncommon trap: reason=unstable_if action=reinterpret pc=0x0000025e1012ad48 method=java.lang.StringBuilder.toString()Ljava/lang/String; @ 4 c2
Event: 1.776 Thread 0x0000025e7ea90000 DEOPT PACKING pc=0x0000025e1012ad48 sp=0x0000009e4fafd320
Event: 1.776 Thread 0x0000025e7ea90000 DEOPT UNPACKING pc=0x0000025e086374af sp=0x0000009e4fafd300 mode 2
Event: 1.853 Thread 0x0000025e7ea90000 Uncommon trap: trap_request=0xffffffc6 fr.pc=0x0000025e10159814 relative=0x0000000000000a54
Event: 1.853 Thread 0x0000025e7ea90000 Uncommon trap: reason=bimorphic_or_optimized_type_check action=maybe_recompile pc=0x0000025e10159814 method=java.util.HashMap.putVal(ILjava/lang/Object;Ljava/lang/Object;ZZ)Ljava/lang/Object; @ 91 c2
Event: 1.853 Thread 0x0000025e7ea90000 DEOPT PACKING pc=0x0000025e10159814 sp=0x0000009e4fafe590
Event: 1.853 Thread 0x0000025e7ea90000 DEOPT UNPACKING pc=0x0000025e086374af sp=0x0000009e4fafe530 mode 2
Event: 1.853 Thread 0x0000025e7ea90000 Uncommon trap: trap_request=0xffffffc6 fr.pc=0x0000025e10159814 relative=0x0000000000000a54
Event: 1.853 Thread 0x0000025e7ea90000 Uncommon trap: reason=bimorphic_or_optimized_type_check action=maybe_recompile pc=0x0000025e10159814 method=java.util.HashMap.putVal(ILjava/lang/Object;Ljava/lang/Object;ZZ)Ljava/lang/Object; @ 91 c2
Event: 1.853 Thread 0x0000025e7ea90000 DEOPT PACKING pc=0x0000025e10159814 sp=0x0000009e4fafe590
Event: 1.853 Thread 0x0000025e7ea90000 DEOPT UNPACKING pc=0x0000025e086374af sp=0x0000009e4fafe530 mode 2

Classes redefined (0 events):
No events

Internal exceptions (20 events):
Event: 1.384 Thread 0x0000025e7ea90000 Exception <a 'java/io/FileNotFoundException'{0x0000000089974910}> (0x0000000089974910) thrown at [./src/hotspot/share/prims/jni.cpp, line 615]
Event: 1.510 Thread 0x0000025e7ea90000 Implicit null exception at 0x0000025e1013a9fe to 0x0000025e1013b544
Event: 1.555 Thread 0x0000025e7ea90000 Exception <a 'java/lang/NoSuchMethodError'{0x0000000089559e98}: 'java.lang.Object java.lang.invoke.DirectMethodHandle$Holder.invokeInterface(java.lang.Object, java.lang.Object, java.lang.Object)'> (0x0000000089559e98) thrown at [./src/hotspot/share/interpreter/linkResolver.cpp, line 773]
Event: 1.555 Thread 0x0000025e7ea90000 Exception <a 'java/lang/IncompatibleClassChangeError'{0x000000008955ce20}: Found class java.lang.Object, but interface was expected> (0x000000008955ce20) thrown at [./src/hotspot/share/interpreter/linkResolver.cpp, line 839]
Event: 1.584 Thread 0x0000025e7ea90000 Exception <a 'java/lang/NoSuchMethodError'{0x0000000089420fa8}: 'int java.lang.invoke.DirectMethodHandle$Holder.invokeSpecial(java.lang.Object, java.lang.Object, java.lang.Object, java.lang.Object)'> (0x0000000089420fa8) thrown at [./src/hotspot/share/interpreter/linkResolver.cpp, line 773]
Event: 1.592 Thread 0x0000025e7ea90000 Exception <a 'java/lang/NoSuchMethodError'{0x0000000089449768}: 'void java.lang.invoke.DirectMethodHandle$Holder.invokeSpecial(java.lang.Object, java.lang.Object, java.lang.Object, java.lang.Object)'> (0x0000000089449768) thrown at [./src/hotspot/share/interpreter/linkResolver.cpp, line 773]
Event: 1.634 Thread 0x0000025e7ea90000 Exception <a 'java/lang/NoSuchMethodError'{0x00000000893989e0}: 'java.lang.Object java.lang.invoke.Invokers$Holder.linkToTargetMethod(java.lang.Object, java.lang.Object, java.lang.Object, java.lang.Object, java.lang.Object, java.lang.Object)'> (0x00000000893989e0) thrown at [./src/hotspot/share/interpreter/linkResolver.cpp, line 773]
Event: 1.662 Thread 0x0000025e7ea90000 Exception <a 'java/lang/NoSuchMethodError'{0x000000008924e2c0}: 'java.lang.Object java.lang.invoke.DirectMethodHandle$Holder.invokeSpecial(java.lang.Object, java.lang.Object, java.lang.Object, java.lang.Object, java.lang.Object, java.lang.Object, int)'> (0x000000008924e2c0) thrown at [./src/hotspot/share/interpreter/linkResolver.cpp, line 773]
Event: 1.663 Thread 0x0000025e7ea90000 Exception <a 'java/lang/NoSuchMethodError'{0x0000000089257d20}: 'java.lang.Object java.lang.invoke.DirectMethodHandle$Holder.invokeSpecial(java.lang.Object, java.lang.Object, java.lang.Object, java.lang.Object, java.lang.Object, java.lang.Object, java.lang.Object, int)'> (0x0000000089257d20) thrown at [./src/hotspot/share/interpreter/linkResolver.cpp, line 773]
Event: 1.663 Thread 0x0000025e7ea90000 Exception <a 'java/lang/NoSuchMethodError'{0x000000008925bbc8}: 'java.lang.Object java.lang.invoke.Invokers$Holder.linkToTargetMethod(java.lang.Object, java.lang.Object, java.lang.Object, java.lang.Object, java.lang.Object, int, java.lang.Object)'> (0x000000008925bbc8) thrown at [./src/hotspot/share/interpreter/linkResolver.cpp, line 773]
Event: 1.765 Thread 0x0000025e7ea90000 Exception <a 'java/lang/NoSuchMethodError'{0x0000000088fd3b10}: 'int java.lang.invoke.DirectMethodHandle$Holder.invokeSpecialIFC(java.lang.Object, java.lang.Object, int)'> (0x0000000088fd3b10) thrown at [./src/hotspot/share/interpreter/linkResolver.cpp, line 773]
Event: 1.795 Thread 0x0000025e7ea90000 Exception <a 'java/lang/NoSuchMethodError'{0x0000000088e796b8}: 'void java.lang.invoke.DirectMethodHandle$Holder.invokeSpecial(java.lang.Object, java.lang.Object, java.lang.Object, java.lang.Object, java.lang.Object, java.lang.Object)'> (0x0000000088e796b8) thrown at [./src/hotspot/share/interpreter/linkResolver.cpp, line 773]
Event: 1.828 Thread 0x0000025e7ea90000 Exception <a 'java/lang/NoSuchMethodError'{0x0000000088d99d30}: 'void java.lang.invoke.DirectMethodHandle$Holder.invokeStatic(java.lang.Object, java.lang.Object, java.lang.Object, java.lang.Object, java.lang.Object)'> (0x0000000088d99d30) thrown at [./src/hotspot/share/interpreter/linkResolver.cpp, line 773]
Event: 1.857 Thread 0x0000025e7ea90000 Exception <a 'java/lang/NoSuchMethodError'{0x0000000088c7d8b0}: 'void java.lang.invoke.DirectMethodHandle$Holder.invokeStaticInit(java.lang.Object, java.lang.Object)'> (0x0000000088c7d8b0) thrown at [./src/hotspot/share/interpreter/linkResolver.cpp, line 773]
Event: 1.872 Thread 0x0000025e7ea90000 Exception <a 'java/lang/NoSuchMethodError'{0x0000000088ca4430}: 'java.lang.Object java.lang.invoke.DirectMethodHandle$Holder.invokeStaticInit(java.lang.Object, java.lang.Object, java.lang.Object)'> (0x0000000088ca4430) thrown at [./src/hotspot/share/interpreter/linkResolver.cpp, line 773]
Event: 2.026 Thread 0x0000025e1fa76000 Exception <a 'java/lang/NoSuchMethodError'{0x000000008862c418}: 'int java.lang.invoke.DirectMethodHandle$Holder.invokeInterface(java.lang.Object, java.lang.Object)'> (0x000000008862c418) thrown at [./src/hotspot/share/interpreter/linkResolver.cpp, line 773]
Event: 2.035 Thread 0x0000025e1fa76000 Exception <a 'java/lang/NoSuchMethodError'{0x00000000886e1290}: 'java.lang.Object java.lang.invoke.DirectMethodHandle$Holder.invokeStaticInit(java.lang.Object, java.lang.Object, java.lang.Object, java.lang.Object, java.lang.Object)'> (0x00000000886e1290) thrown at [./src/hotspot/share/interpreter/linkResolver.cpp, line 773]
Event: 2.047 Thread 0x0000025e1fa76000 Exception <a 'java/lang/NoSuchMethodError'{0x00000000882f6d68}: 'java.lang.Object java.lang.invoke.DirectMethodHandle$Holder.invokeSpecial(java.lang.Object, java.lang.Object, int, int, java.lang.Object, java.lang.Object, java.lang.Object)'> (0x00000000882f6d68) thrown at [./src/hotspot/share/interpreter/linkResolver.cpp, line 773]
Event: 2.048 Thread 0x0000025e1fa76000 Exception <a 'java/lang/NoSuchMethodError'{0x00000000882fa2f8}: 'java.lang.Object java.lang.invoke.DelegatingMethodHandle$Holder.reinvoke_L(java.lang.Object, int, int, java.lang.Object, java.lang.Object, java.lang.Object)'> (0x00000000882fa2f8) thrown at [./src/hotspot/share/interpreter/linkResolver.cpp, line 773]
Event: 2.049 Thread 0x0000025e1fa76000 Exception <a 'java/lang/NoSuchMethodError'{0x00000000882fe2d8}: 'java.lang.Object java.lang.invoke.DirectMethodHandle$Holder.invokeStatic(java.lang.Object, java.lang.Object, java.lang.Object, java.lang.Object, int)'> (0x00000000882fe2d8) thrown at [./src/hotspot/share/interpreter/linkResolver.cpp, line 773]

Events (20 events):
Event: 2.106 loading class org/springframework/context/annotation/ConditionContext
Event: 2.106 loading class org/springframework/context/annotation/ConditionContext done
Event: 2.107 loading class org/springframework/context/annotation/ConditionEvaluator$ConditionContextImpl
Event: 2.107 loading class org/springframework/context/annotation/ConditionEvaluator$ConditionContextImpl done
Event: 2.107 loading class com/fasterxml/jackson/databind/SerializerProvider
Event: 2.107 loading class com/fasterxml/jackson/databind/SerializerProvider done
Event: 2.108 loading class org/springframework/context/annotation/AnnotationConfigUtils
Event: 2.108 loading class org/springframework/context/annotation/AnnotationConfigUtils done
Event: 2.109 loading class com/fasterxml/jackson/databind/DatabindContext
Event: 2.109 loading class com/fasterxml/jackson/databind/DatabindContext done
Event: 2.109 loading class javax/annotation/Resource
Event: 2.109 loading class javax/annotation/Resource done
Event: 2.110 loading class javax/persistence/EntityManagerFactory
Event: 2.110 loading class javax/persistence/EntityManagerFactory done
Event: 2.110 loading class com/fasterxml/jackson/databind/ser/DefaultSerializerProvider$Impl
Event: 2.110 loading class com/fasterxml/jackson/databind/ser/DefaultSerializerProvider$Impl done
Event: 2.111 loading class com/fasterxml/jackson/databind/deser/DeserializerFactory
Event: 2.111 loading class com/fasterxml/jackson/databind/deser/DeserializerFactory done
Event: 2.111 loading class org/springframework/orm/jpa/support/PersistenceAnnotationBeanPostProcessor
Event: 2.111 loading class org/springframework/orm/jpa/support/PersistenceAnnotationBeanPostProcessor done


Dynamic libraries:
0x00007ff78a160000 - 0x00007ff78a16d000 	C:\Program Files\AdoptOpenJDK\jdk-11.0.9.101-hotspot\bin\java.exe
0x00007ffb00f90000 - 0x00007ffb01186000 	C:\windows\SYSTEM32\ntdll.dll
0x00007ffaff0f0000 - 0x00007ffaff1ad000 	C:\windows\System32\KERNEL32.DLL
0x00007ffafed20000 - 0x00007ffafefe9000 	C:\windows\System32\KERNELBASE.dll
0x00007ffafe6d0000 - 0x00007ffafe7d0000 	C:\windows\System32\ucrtbase.dll
0x00007ffaf3230000 - 0x00007ffaf3245000 	C:\Program Files\AdoptOpenJDK\jdk-11.0.9.101-hotspot\bin\VCRUNTIME140.dll
0x00007ffaf56e0000 - 0x00007ffaf56f7000 	C:\Program Files\AdoptOpenJDK\jdk-11.0.9.101-hotspot\bin\jli.dll
0x00007ffb00650000 - 0x00007ffb007f0000 	C:\windows\System32\USER32.dll
0x00007ffafe960000 - 0x00007ffafe982000 	C:\windows\System32\win32u.dll
0x00007ffafd8e0000 - 0x00007ffafdb7b000 	C:\windows\WinSxS\amd64_microsoft.windows.common-controls_6595b64144ccf1df_6.0.19041.746_none_ca02b4b61b8320a4\COMCTL32.dll
0x00007ffb00460000 - 0x00007ffb0048a000 	C:\windows\System32\GDI32.dll
0x00007ffaff050000 - 0x00007ffaff0ee000 	C:\windows\System32\msvcrt.dll
0x00007ffafec10000 - 0x00007ffafed1b000 	C:\windows\System32\gdi32full.dll
0x00007ffafe990000 - 0x00007ffafea2d000 	C:\windows\System32\msvcp_win.dll
0x00007ffaffb70000 - 0x00007ffaffba0000 	C:\windows\System32\IMM32.DLL
0x00007ffafdc60000 - 0x00007ffafdd7f000 	C:\Program Files\Avecto\Privilege Guard Client\PGHook.dll
0x00007ffaffc80000 - 0x00007ffb003c3000 	C:\windows\System32\shell32.dll
0x00007ffb00d90000 - 0x00007ffb00e3c000 	C:\windows\System32\ADVAPI32.dll
0x00007ffb00920000 - 0x00007ffb009bc000 	C:\windows\System32\sechost.dll
0x00007ffb007f0000 - 0x00007ffb0091b000 	C:\windows\System32\RPCRT4.dll
0x00007ffafe450000 - 0x00007ffafe468000 	C:\windows\SYSTEM32\CRYPTSP.dll
0x00007ffafdbb0000 - 0x00007ffafdbe4000 	C:\windows\system32\rsaenh.dll
0x00007ffafe8d0000 - 0x00007ffafe8f7000 	C:\windows\System32\bcrypt.dll
0x00007ffafdba0000 - 0x00007ffafdbac000 	C:\windows\SYSTEM32\CRYPTBASE.dll
0x00007ffafea30000 - 0x00007ffafeab0000 	C:\windows\System32\bcryptPrimitives.dll
0x0000000068000000 - 0x000000006806f000 	C:\windows\System32\QIPCAP64.dll
0x00007ffafd350000 - 0x00007ffafd41b000 	C:\windows\SYSTEM32\DNSAPI.dll
0x00007ffafd310000 - 0x00007ffafd34b000 	C:\windows\SYSTEM32\IPHLPAPI.DLL
0x00007ffaff420000 - 0x00007ffaff428000 	C:\windows\System32\NSI.dll
0x00007ffab9f00000 - 0x00007ffab9f9b000 	C:\Program Files\AdoptOpenJDK\jdk-11.0.9.101-hotspot\bin\msvcp140.dll
0x00007ffa9a490000 - 0x00007ffa9afd3000 	C:\Program Files\AdoptOpenJDK\jdk-11.0.9.101-hotspot\bin\server\jvm.dll
0x0000025e7e1d0000 - 0x0000025e7e1d8000 	C:\windows\System32\PSAPI.DLL
0x00007ffae3ce0000 - 0x00007ffae3ce9000 	C:\windows\SYSTEM32\WSOCK32.dll
0x00007ffb009c0000 - 0x00007ffb00a2b000 	C:\windows\System32\WS2_32.dll
0x00007ffaefbb0000 - 0x00007ffaefbd7000 	C:\windows\SYSTEM32\WINMM.dll
0x00007ffafb910000 - 0x00007ffafb91a000 	C:\windows\SYSTEM32\VERSION.dll
0x00007ffafc3f0000 - 0x00007ffafc402000 	C:\windows\SYSTEM32\kernel.appcore.dll
0x00007ffaf74c0000 - 0x00007ffaf74d0000 	C:\Program Files\AdoptOpenJDK\jdk-11.0.9.101-hotspot\bin\verify.dll
0x00007ffafe0f0000 - 0x00007ffafe2d4000 	C:\windows\SYSTEM32\DBGHELP.DLL
0x00007ffafe040000 - 0x00007ffafe06c000 	C:\windows\SYSTEM32\dbgcore.DLL
0x00007ffada460000 - 0x00007ffada488000 	C:\Program Files\AdoptOpenJDK\jdk-11.0.9.101-hotspot\bin\java.dll
0x00007ffaf74a0000 - 0x00007ffaf74aa000 	C:\Program Files\AdoptOpenJDK\jdk-11.0.9.101-hotspot\bin\jimage.dll
0x00007ffaf6f10000 - 0x00007ffaf6f1e000 	C:\Program Files\AdoptOpenJDK\jdk-11.0.9.101-hotspot\bin\instrument.dll
0x00007ffaf3070000 - 0x00007ffaf3087000 	C:\Program Files\AdoptOpenJDK\jdk-11.0.9.101-hotspot\bin\zip.dll
0x00007ffafb180000 - 0x00007ffafb90f000 	C:\windows\SYSTEM32\windows.storage.dll
0x00007ffb00a30000 - 0x00007ffb00d86000 	C:\windows\System32\combase.dll
0x00007ffafd810000 - 0x00007ffafd83c000 	C:\windows\SYSTEM32\Wldp.dll
0x00007ffaffab0000 - 0x00007ffaffb5e000 	C:\windows\System32\SHCORE.dll
0x00007ffaff3c0000 - 0x00007ffaff415000 	C:\windows\System32\shlwapi.dll
0x00007ffafe600000 - 0x00007ffafe626000 	C:\windows\SYSTEM32\profapi.dll
0x0000000180000000 - 0x00000001800b1000 	C:\Program Files (x86)\Konica Minolta\PrintScout\AppProfiler.x64.dll
0x0000025e1e770000 - 0x0000025e1e89a000 	C:\windows\System32\ole32.dll
0x00007ffaff2f0000 - 0x00007ffaff3bd000 	C:\windows\System32\OLEAUT32.dll
0x00007ffaea850000 - 0x00007ffaea8de000 	C:\windows\SYSTEM32\WINSPOOL.DRV
0x00007ffafe410000 - 0x00007ffafe443000 	C:\windows\SYSTEM32\ntmarta.dll
0x00007ffadd870000 - 0x00007ffadd889000 	C:\Program Files\AdoptOpenJDK\jdk-11.0.9.101-hotspot\bin\net.dll
0x00007ffafcf70000 - 0x00007ffafd070000 	C:\windows\SYSTEM32\WINHTTP.dll
0x00007ffafd600000 - 0x00007ffafd66a000 	C:\windows\system32\mswsock.dll
0x00007ffada390000 - 0x00007ffada3a2000 	C:\Program Files\AdoptOpenJDK\jdk-11.0.9.101-hotspot\bin\nio.dll
0x00007ffad6010000 - 0x00007ffad602a000 	C:\Program Files\JetBrains\IntelliJ IDEA Community Edition 2020.3.1\bin\breakgen64.dll
0x00007ffaf5ac0000 - 0x00007ffaf5ac9000 	C:\Program Files\AdoptOpenJDK\jdk-11.0.9.101-hotspot\bin\management.dll
0x00007ffaf5640000 - 0x00007ffaf564b000 	C:\Program Files\AdoptOpenJDK\jdk-11.0.9.101-hotspot\bin\management_ext.dll
0x00007ffae77d0000 - 0x00007ffae77e7000 	C:\windows\system32\napinsp.dll
0x00007ffae7860000 - 0x00007ffae787b000 	C:\windows\system32\pnrpnsp.dll
0x00007ffaf80d0000 - 0x00007ffaf80e5000 	C:\windows\system32\wshbth.dll
0x00007ffaf8a50000 - 0x00007ffaf8a6d000 	C:\windows\system32\NLAapi.dll
0x00007ffae7880000 - 0x00007ffae7892000 	C:\windows\System32\winrnr.dll
0x00007ffaefa50000 - 0x00007ffaefa5a000 	C:\Windows\System32\rasadhlp.dll
0x00007ffaf73b0000 - 0x00007ffaf742f000 	C:\windows\System32\fwpuclnt.dll

dbghelp: loaded successfully - version: 4.0.5 - missing functions: none
symbol engine: initialized successfully - sym options: 0x614 - pdb path: .;C:\Program Files\AdoptOpenJDK\jdk-11.0.9.101-hotspot\bin;C:\windows\SYSTEM32;C:\windows\WinSxS\amd64_microsoft.windows.common-controls_6595b64144ccf1df_6.0.19041.746_none_ca02b4b61b8320a4;C:\Program Files\Avecto\Privilege Guard Client;C:\Program Files\AdoptOpenJDK\jdk-11.0.9.101-hotspot\bin\server;C:\Program Files (x86)\Konica Minolta\PrintScout;C:\Program Files\JetBrains\IntelliJ IDEA Community Edition 2020.3.1\bin

VM Arguments:
jvm_args: -javaagent:C:\Program Files\JetBrains\IntelliJ IDEA Community Edition 2020.3.1\lib\idea_rt.jar=55017:C:\Program Files\JetBrains\IntelliJ IDEA Community Edition 2020.3.1\bin -Dfile.encoding=UTF-8 
java_command: com.hkma.consentdomain.ConsentDomainApplication
java_class_path (initial): C:\Users\frankie.k.lee\IdeaProjects\consent-domain\target\classes;C:\Users\frankie.k.lee\.m2\repository\org\springframework\boot\spring-boot-starter-web\2.4.1\spring-boot-starter-web-2.4.1.jar;C:\Users\frankie.k.lee\.m2\repository\org\springframework\boot\spring-boot-starter\2.4.1\spring-boot-starter-2.4.1.jar;C:\Users\frankie.k.lee\.m2\repository\org\springframework\boot\spring-boot\2.4.1\spring-boot-2.4.1.jar;C:\Users\frankie.k.lee\.m2\repository\org\springframework\boot\spring-boot-autoconfigure\2.4.1\spring-boot-autoconfigure-2.4.1.jar;C:\Users\frankie.k.lee\.m2\repository\org\springframework\boot\spring-boot-starter-logging\2.4.1\spring-boot-starter-logging-2.4.1.jar;C:\Users\frankie.k.lee\.m2\repository\ch\qos\logback\logback-classic\1.2.3\logback-classic-1.2.3.jar;C:\Users\frankie.k.lee\.m2\repository\ch\qos\logback\logback-core\1.2.3\logback-core-1.2.3.jar;C:\Users\frankie.k.lee\.m2\repository\org\apache\logging\log4j\log4j-to-slf4j\2.13.3\log4j-to-slf4j-2.13.3.jar;C:\Users\frankie.k.lee\.m2\repository\org\apache\logging\log4j\log4j-api\2.13.3\log4j-api-2.13.3.jar;C:\Users\frankie.k.lee\.m2\repository\org\slf4j\jul-to-slf4j\1.7.30\jul-to-slf4j-1.7.30.jar;C:\Users\frankie.k.lee\.m2\repository\jakarta\annotation\jakarta.annotation-api\1.3.5\jakarta.annotation-api-1.3.5.jar;C:\Users\frankie.k.lee\.m2\repository\org\yaml\snakeyaml\1.27\snakeyaml-1.27.jar;C:\Users\frankie.k.lee\.m2\repository\org\springframework\boot\spring-boot-starter-json\2.4.1\spring-boot-starter-json-2.4.1.jar;C:\Users\frankie.k.lee\.m2\repository\com\fasterxml\jackson\core\jackson-databind\2.11.3\jackson-databind-2.11.3.jar;C:\Users\frankie.k.lee\.m2\repository\com\fasterxml\jackson\datatype\jackson-datatype-jdk8\2.11.3\jackson-datatype-jdk8-2.11.3.jar;C:\Users\frankie.k.lee\.m2\repository\com\fasterxml\jackson\datatype\jackson-datatype-jsr310\2.11.3\jackson-datatype-jsr310-2.11.3.jar;C:\Users\frankie.k.lee\.m2\repository\com\fasterxml\jackson\module\jackson-mod
Launcher Type: SUN_STANDARD

[Global flags]
     intx CICompilerCount                          = 4                                         {product} {ergonomic}
     uint ConcGCThreads                            = 2                                         {product} {ergonomic}
     uint G1ConcRefinementThreads                  = 8                                         {product} {ergonomic}
   size_t G1HeapRegionSize                         = 1048576                                   {product} {ergonomic}
    uintx GCDrainStackTargetSize                   = 64                                        {product} {ergonomic}
   size_t InitialHeapSize                          = 134217728                                 {product} {ergonomic}
   size_t MarkStackSize                            = 4194304                                   {product} {ergonomic}
   size_t MaxHeapSize                              = 2116026368                                {product} {ergonomic}
   size_t MaxNewSize                               = 1268776960                                {product} {ergonomic}
   size_t MinHeapDeltaBytes                        = 1048576                                   {product} {ergonomic}
    uintx NonNMethodCodeHeapSize                   = 5836300                                {pd product} {ergonomic}
    uintx NonProfiledCodeHeapSize                  = 122910970                              {pd product} {ergonomic}
    uintx ProfiledCodeHeapSize                     = 122910970                              {pd product} {ergonomic}
    uintx ReservedCodeCacheSize                    = 251658240                              {pd product} {ergonomic}
     bool SegmentedCodeCache                       = true                                      {product} {ergonomic}
     bool UseCompressedClassPointers               = true                                 {lp64_product} {ergonomic}
     bool UseCompressedOops                        = true                                 {lp64_product} {ergonomic}
     bool UseG1GC                                  = true                                      {product} {ergonomic}
     bool UseLargePagesIndividualAllocation        = false                                  {pd product} {ergonomic}

Logging:
Log output configuration:
 #0: stdout all=warning uptime,level,tags
 #1: stderr all=off uptime,level,tags

Environment Variables:
JAVA_HOME=C:\Program Files\AdoptOpenJDK\jdk-11.0.9.101-hotspot
PATH=C:\Program Files\AdoptOpenJDK\jdk-11.0.9.101-hotspot\bin;C:\windows\system32;C:\windows;C:\windows\System32\Wbem;C:\windows\System32\WindowsPowerShell\v1.0\;C:\windows\System32\OpenSSH\;C:\Program Files\Intel\WiFi\bin\;C:\Program Files\Common Files\Intel\WirelessCommon\;C:\ProgramData\chocolatey\bin;C:\Program Files\WSO2\API Manager\3.2.0\bin\..\bin;c:\Program Files\Amazon\AWSCLIV2\;C:\Program Files (x86)\Symantec\VIP Access Client\;C:\Program Files\Docker\Docker\resources\bin;C:\ProgramData\DockerDesktop\version-bin;C:\Program Files\apache-maven-3.6.3-bin\apache-maven-3.6.3\bin;C:\Program Files (x86)\Yarn\bin\;C:\Program Files\nodejs\;C:\Users\frankie.k.lee\AppData\Local\Microsoft\WindowsApps;C:\Users\frankie.k.lee\AppData\Local\Programs\Microsoft VS Code\bin;C:\Users\frankie.k.lee\AppData\Local\Programs\Git\cmd;C:\Users\frankie.k.lee\AppData\Local\Yarn\bin;C:\Users\frankie.k.lee\AppData\Roaming\npm
USERNAME=frankie.k.lee
OS=Windows_NT
PROCESSOR_IDENTIFIER=Intel64 Family 6 Model 142 Stepping 10, GenuineIntel



---------------  S Y S T E M  ---------------

OS: Windows 10 , 64 bit Build 19041 (10.0.19041.662)
OS uptime: 6 days 5:58 hours
HyperV virtualization detected

CPU:total 8 (initial active 8) (4 cores per cpu, 2 threads per core) family 6 model 142 stepping 10, cmov, cx8, fxsr, mmx, sse, sse2, sse3, ssse3, sse4.1, sse4.2, popcnt, avx, avx2, aes, clmul, erms, rtm, 3dnowpref, lzcnt, ht, tsc, tscinvbit, bmi1, bmi2, adx, fma

Memory: 4k page, system-wide physical 8066M (365M free)
TotalPageFile size 23099M (AvailPageFile size 3M)
current process WorkingSet (physical memory assigned to process): 119M, peak: 119M
current process commit charge ("private bytes"): 244M, peak: 244M

vm_info: OpenJDK 64-Bit Server VM (11.0.9.1+1) for windows-amd64 JRE (11.0.9.1+1), built on Nov 10 2020 15:18:49 by "" with MS VC++ 15.9 (VS2017)

END.
